#
# A fatal error has been detected by the Java Runtime Environment:
#
#  SIGBUS (0x7) at pc=0x00007f175d0c6eed, pid=11599, tid=0x00007f172b9ec700
#
# JRE version: OpenJDK Runtime Environment (8.0_131-b11) (build 1.8.0_131-8u131-b11-0ubuntu1.16.04.2-b11)
# Java VM: OpenJDK 64-Bit Server VM (25.131-b11 mixed mode linux-amd64 compressed oops)
# Problematic frame:
# C  [libzip.so+0x4eed]
#
# Failed to write core dump. Core dumps have been disabled. To enable core dumping, try "ulimit -c unlimited" before starting Java again
#
# If you would like to submit a bug report, please visit:
#   http://bugreport.java.com/bugreport/crash.jsp
# The crash happened outside the Java Virtual Machine in native code.
# See problematic frame for where to report the bug.
#

---------------  T H R E A D  ---------------

Current thread (0x00007f17583f8000):  JavaThread "grpc-timer-0" daemon [_thread_in_native, id=11610, stack(0x00007f172b8ec000,0x00007f172b9ed000)]

siginfo: si_signo: 7 (SIGBUS), si_code: 2 (BUS_ADRERR), si_addr: 0x00007f17487fbe6a

Registers:
RAX=0x00007f172c2d46d0, RBX=0x00007f1758109440, RCX=0x00007f17487fbe4a, RDX=0x00007f172c2d46d0
RSP=0x00007f172b9e9580, RBP=0x00007f172b9e95f0, RSI=0x00007f172c000038, RDI=0x0000000000000003
R8 =0x00000000d7067df0, R9 =0x00007f175f8e8020, R10=0x00007f172c2d46c0, R11=0x00000000f71009b8
R12=0x00007f17486b98b8, R13=0x00007f172b9e969d, R14=0x00007f172c2d5770, R15=0x00007f172c2d46d0
RIP=0x00007f175d0c6eed, EFLAGS=0x0000000000010202, CSGSFS=0x002b000000000033, ERR=0x0000000000000004
  TRAPNO=0x000000000000000e

Top of Stack: (sp=0x00007f172b9e9580)
0x00007f172b9e9580:   7461090a25504cd0 6370726725504cb0
0x00007f172b9e9590:   616e726525504e10 6579616c25504e50
0x00007f172b9e95a0:   54746e652ba92158 74726f70736e6172
0x00007f172b9e95b0:   00000000583f8000 00007f175f269670
0x00007f172b9e95c0:   000000000000003e 00007f17486b98b0
0x00007f172b9e95d0:   00000000d7067df0 00007f172b9e969d
0x00007f172b9e95e0:   00007f172c2d5770 00007f1758109440
0x00007f172b9e95f0:   00007f172b9e9640 00007f175d0c7c84
0x00007f172b9e9600:   00007f172b9e9660 0000003e016d7300
0x00007f172b9e9610:   00007f172b9e9640 000000000000003e
0x00007f172b9e9620:   00007f17583f81e0 00000000f9d76dc0
0x00007f172b9e9630:   00007f172b9e9ab8 00007f1758109440
0x00007f172b9e9640:   00007f172b9e9aa0 00007f175d0c5bec
0x00007f172b9e9650:   00007f172b9e9660 000000012b9e9bf0
0x00007f172b9e9660:   2f637072672f6f69 6c616e7265746e69
0x00007f172b9e9670:   646567616e614d2f 496c656e6e616843
0x00007f172b9e9680:   63627553246c706d 6d496c656e6e6168
0x00007f172b9e9690:   31246c706d496c70 00007373616c632e
0x00007f172b9e96a0:   00007f172b9e9758 6164416500000000
0x00007f172b9e96b0:   6c61632e00000000 00007f172b9e9770
0x00007f172b9e96c0:   6176616a00000000 61090a293131353a
0x00007f172b9e96d0:   752e617600000000 636e6f632e6c6920
0x00007f172b9e96e0:   462e746e00000000 7361546500000000
0x00007f172b9e96f0:   00007f172b9e9780 6b73615400000000
0x00007f172b9e9700:   36323a6100000000 00007f1700000046
0x00007f172b9e9710:   0000000000000000 7272756300000046
0x00007f172b9e9720:   00007f175f4ae8c3 0000000100000000
0x00007f172b9e9730:   00007f172b9e97d0 00007f175ffe76ce
0x00007f172b9e9740:   00007f172b9e9cf0 00007f172b9e9ce0
0x00007f172b9e9750:   00007f175f4ae8c1 00007f172b9e9e90
0x00007f172b9e9760:   0000000000000000 00007f175ffb992d
0x00007f172b9e9770:   00007f175f4992ce 00007f172b9e9ea0 

Instructions: (pc=0x00007f175d0c6eed)
0x00007f175d0c6ecd:   40 30 00 00 00 00 48 c7 40 28 00 00 00 00 0f 84
0x00007f175d0c6edd:   bf 01 00 00 49 8b 0c 24 48 2b 4b 28 48 03 4b 18
0x00007f175d0c6eed:   0f b7 41 20 44 0f b7 69 1c 49 89 ce 44 0f b7 61
0x00007f175d0c6efd:   1e 89 45 c0 41 8b 46 0c 48 c7 45 c8 00 00 00 00 

Register to memory mapping:

RAX=0x00007f172c2d46d0 is an unknown value
RBX=0x00007f1758109440 is an unknown value
RCX=0x00007f17487fbe4a is an unknown value
RDX=0x00007f172c2d46d0 is an unknown value
RSP=0x00007f172b9e9580 is pointing into the stack for thread: 0x00007f17583f8000
RBP=0x00007f172b9e95f0 is pointing into the stack for thread: 0x00007f17583f8000
RSI=0x00007f172c000038 is an unknown value
RDI=0x0000000000000003 is an unknown value
R8 =0x00000000d7067df0 is an unknown value
R9 =0x00007f175f8e8020: <offset 0xef4020> in /usr/lib/jvm/java-8-openjdk-amd64/jre/lib/amd64/server/libjvm.so at 0x00007f175e9f4000
R10=0x00007f172c2d46c0 is an unknown value
R11=